2020-01-07 18:05:25,718 [main] INFO Booking - ------Starting Web Driver session - Booking.com UI-----
2020-01-07 18:05:41,279 [main] INFO Booking - -----Verifying Home page displayed-----
2020-01-07 18:05:41,282 [main] INFO Booking - -----Clicking on Flights link-----
2020-01-07 18:05:41,284 [main] INFO Booking - -----Verifying Flights page displayed-----
2020-01-07 18:05:41,285 [main] INFO Booking - -----Shutting down application Booking.com/ driver-----
2020-01-07 18:05:42,207 [main] INFO Booking - ------Starting Web Driver session - Booking.com UI-----
2020-01-07 18:05:56,772 [main] INFO Booking - -----Verifying Home page displayed-----
2020-01-07 18:05:56,774 [main] INFO Booking - -----Clicking on Car Rentals link-----
2020-01-07 18:05:56,776 [main] INFO Booking - -----Verifying Car Rentals page is displayed-----
2020-01-07 18:05:56,777 [main] INFO Booking - -----Shutting down application Booking.com/ driver-----
2020-01-07 18:05:57,567 [main] INFO Booking - ------Starting Web Driver session - Booking.com UI-----
2020-01-07 18:06:10,699 [main] INFO Booking - -----Verifying Home page displayed-----
2020-01-07 18:06:10,701 [main] INFO Booking - -----Clicking on Airport Taxis link-----
2020-01-07 18:06:10,702 [main] INFO Booking - -----Verifying Airport Taxis page is displayed-----
2020-01-07 18:06:10,703 [main] INFO Booking - -----Shutting down application Booking.com/ driver-----
2020-01-07 20:45:05,959 [main] INFO Booking - ------Starting Web Driver session - Booking.com UI-----
2020-01-07 20:45:21,416 [main] INFO Booking - ------Starting Web Driver session - Booking.com UI-----
2020-01-07 20:45:21,558 [main] INFO Booking - -----Shutting down application Booking.com/ driver-----
2020-01-07 20:45:23,187 [main] INFO Booking - ------Starting Web Driver session - Booking.com UI-----
2020-01-07 20:45:37,189 [main] INFO Booking - ------Starting Web Driver session - Booking.com UI-----
2020-01-07 20:45:37,235 [main] INFO Booking - -----Shutting down application Booking.com/ driver-----
2020-01-07 20:45:38,077 [main] INFO Booking - ------Starting Web Driver session - Booking.com UI-----
2020-01-07 20:45:52,759 [main] INFO Booking - ------Starting Web Driver session - Booking.com UI-----
2020-01-07 20:45:52,842 [main] INFO Booking - -----Shutting down application Booking.com/ driver-----
2020-01-07 20:55:50,212 [main] INFO Booking - ------Starting Web Driver session - Booking.com UI-----
2020-01-07 20:56:05,478 [main] INFO Booking - ------Starting Web Driver session - Booking.com UI-----
2020-01-07 20:56:05,596 [main] INFO Booking - -----Shutting down application Booking.com/ driver-----
2020-01-07 20:56:06,495 [main] INFO Booking - ------Starting Web Driver session - Booking.com UI-----
2020-01-07 20:56:20,762 [main] INFO Booking - ------Starting Web Driver session - Booking.com UI-----
2020-01-07 20:56:20,870 [main] INFO Booking - -----Shutting down application Booking.com/ driver-----
2020-01-07 20:56:21,742 [main] INFO Booking - ------Starting Web Driver session - Booking.com UI-----
2020-01-07 20:56:35,177 [main] INFO Booking - ------Starting Web Driver session - Booking.com UI-----
2020-01-07 20:56:35,265 [main] INFO Booking - -----Shutting down application Booking.com/ driver-----
2020-01-07 20:58:26,116 [main] INFO Booking - ------Starting Web Driver session - Booking.com UI-----
2020-01-07 20:58:42,026 [main] INFO Booking - ------Starting Web Driver session - Booking.com UI-----
2020-01-07 20:58:42,194 [main] INFO Booking - -----Shutting down application Booking.com/ driver-----
2020-01-07 20:58:43,070 [main] INFO Booking - ------Starting Web Driver session - Booking.com UI-----
2020-01-07 20:58:57,634 [main] INFO Booking - ------Starting Web Driver session - Booking.com UI-----
2020-01-07 20:58:57,748 [main] INFO Booking - -----Shutting down application Booking.com/ driver-----
2020-01-07 20:58:58,626 [main] INFO Booking - ------Starting Web Driver session - Booking.com UI-----
2020-01-07 20:59:11,610 [main] INFO Booking - ------Starting Web Driver session - Booking.com UI-----
2020-01-07 20:59:11,789 [main] INFO Booking - -----Shutting down application Booking.com/ driver-----
2020-01-07 21:00:56,102 [main] INFO Booking - ------Starting Web Driver session - Booking.com UI-----
2020-01-07 21:01:12,669 [main] INFO Booking - ------Starting Web Driver session - Booking.com UI-----
2020-01-07 21:04:54,912 [main] INFO Booking - ------Starting Web Driver session - Booking.com UI-----
2020-01-07 21:05:11,558 [main] INFO Booking - ------Starting Web Driver session - Booking.com UI-----
2020-01-07 21:07:43,383 [main] INFO Booking - ------Starting Web Driver session - Booking.com UI-----
2020-01-07 21:07:59,461 [main] INFO Booking - ------Starting Web Driver session - Booking.com UI-----
2020-01-07 21:12:15,952 [main] INFO Booking - ------Starting Web Driver session - Booking.com UI-----
2020-01-07 21:12:31,869 [main] INFO Booking - ------Starting Web Driver session - Booking.com UI-----
2020-01-07 21:12:48,370 [main] INFO Booking - -----Clicking on Flights link-----
2020-01-07 21:13:02,425 [main] INFO Booking - -----Shutting down application Booking.com/ driver-----
2020-01-07 21:13:03,219 [main] INFO Booking - ------Starting Web Driver session - Booking.com UI-----
2020-01-07 21:13:16,949 [main] INFO Booking - ------Starting Web Driver session - Booking.com UI-----
2020-01-07 21:13:17,131 [main] INFO Booking - -----Clicking on Car Rentals link-----
2020-01-07 21:13:30,255 [main] INFO Booking - -----Shutting down application Booking.com/ driver-----
2020-01-07 21:13:31,084 [main] INFO Booking - ------Starting Web Driver session - Booking.com UI-----
2020-01-07 21:13:46,617 [main] INFO Booking - ------Starting Web Driver session - Booking.com UI-----
2020-01-07 21:13:46,890 [main] INFO Booking - -----Clicking on Airport Taxis link-----
2020-01-07 21:14:02,428 [main] INFO Booking - -----Shutting down application Booking.com/ driver-----
2020-01-07 21:21:33,915 [main] INFO Booking - ------Starting Web Driver session - Booking.com UI-----
2020-01-07 21:21:48,618 [main] INFO Booking - ------Starting Web Driver session - Booking.com UI-----
2020-01-07 21:21:48,831 [main] INFO Booking - -----Clicking on Flights link-----
2020-01-07 21:21:52,066 [main] INFO Booking - -----Flights Page title is displayed-----
2020-01-07 21:21:52,067 [main] INFO Booking - -----Shutting down application Booking.com/ driver-----
2020-01-07 21:21:52,936 [main] INFO Booking - ------Starting Web Driver session - Booking.com UI-----
2020-01-07 21:22:06,377 [main] INFO Booking - ------Starting Web Driver session - Booking.com UI-----
2020-01-07 21:22:06,537 [main] INFO Booking - -----Clicking on Car Rentals link-----
2020-01-07 21:22:09,142 [main] INFO Booking - -----Shutting down application Booking.com/ driver-----
2020-01-07 21:22:10,013 [main] INFO Booking - ------Starting Web Driver session - Booking.com UI-----
2020-01-07 21:22:23,556 [main] INFO Booking - ------Starting Web Driver session - Booking.com UI-----
2020-01-07 21:22:23,681 [main] INFO Booking - -----Clicking on Airport Taxis link-----
2020-01-07 21:22:25,599 [main] INFO Booking - -----Airport Taxis Page title is displayed-----
2020-01-07 21:22:25,600 [main] INFO Booking - -----Shutting down application Booking.com/ driver-----
2020-01-07 21:28:29,649 [main] INFO Booking - ------Starting Web Driver session - Booking.com UI-----
2020-01-07 21:28:44,983 [main] INFO Booking - ------Starting Web Driver session - Booking.com UI-----
2020-01-07 21:28:45,325 [main] INFO Booking - -----Clicking on Flights link-----
2020-01-07 21:28:49,006 [main] INFO Booking - -----Flights Page title is displayed-----
2020-01-07 21:28:49,007 [main] INFO Booking - -----Shutting down application Booking.com/ driver-----
2020-01-07 21:28:49,860 [main] INFO Booking - ------Starting Web Driver session - Booking.com UI-----
2020-01-07 21:29:05,332 [main] INFO Booking - ------Starting Web Driver session - Booking.com UI-----
2020-01-07 21:29:05,578 [main] INFO Booking - -----Clicking on Car Rentals link-----
2020-01-07 21:29:08,991 [main] INFO Booking - -----Shutting down application Booking.com/ driver-----
2020-01-07 21:29:09,878 [main] INFO Booking - ------Starting Web Driver session - Booking.com UI-----
2020-01-07 21:29:23,914 [main] INFO Booking - ------Starting Web Driver session - Booking.com UI-----
2020-01-07 21:29:23,999 [main] INFO Booking - -----Clicking on Airport Taxis link-----
2020-01-07 21:30:00,459 [main] INFO Booking - ------Starting Web Driver session - Booking.com UI-----
2020-01-07 21:30:11,721 [main] INFO Booking - -----Shutting down application Booking.com/ driver-----
2020-01-07 21:30:12,786 [main] INFO Booking - ------Starting Web Driver session - Booking.com UI-----
2020-01-07 21:31:43,049 [main] INFO Booking - ------Starting Web Driver session - Booking.com UI-----
2020-01-07 21:32:13,680 [main] INFO Booking - ------Starting Web Driver session - Booking.com UI-----
2020-01-07 21:32:28,805 [main] INFO Booking - ------Starting Web Driver session - Booking.com UI-----
2020-01-07 21:32:29,119 [main] INFO Booking - -----Clicking on Flights link-----
2020-01-07 21:32:32,212 [main] INFO Booking - -----Flights Page title is displayed-----
2020-01-07 21:32:32,213 [main] INFO Booking - -----Shutting down application Booking.com/ driver-----
2020-01-07 21:32:33,039 [main] INFO Booking - ------Starting Web Driver session - Booking.com UI-----
2020-01-07 21:32:47,029 [main] INFO Booking - ------Starting Web Driver session - Booking.com UI-----
2020-01-07 21:32:47,287 [main] INFO Booking - -----Clicking on Car Rentals link-----
2020-01-07 21:36:28,710 [main] INFO Booking - ------Starting Web Driver session - Booking.com UI-----
2020-01-07 21:36:44,080 [main] INFO Booking - ------Starting Web Driver session - Booking.com UI-----
2020-01-07 21:36:44,323 [main] INFO Booking - -----Clicking on Flights link-----
2020-01-07 21:36:48,514 [main] INFO Booking - -----Flights Page title is displayed-----
2020-01-07 21:36:48,514 [main] INFO Booking - -----Shutting down application Booking.com/ driver-----
2020-01-07 21:36:49,385 [main] INFO Booking - ------Starting Web Driver session - Booking.com UI-----
2020-01-07 21:37:02,436 [main] INFO Booking - ------Starting Web Driver session - Booking.com UI-----
2020-01-07 21:37:02,684 [main] INFO Booking - -----Clicking on Car Rentals link-----
2020-01-07 21:37:05,650 [main] INFO Booking - -----Car Rentals Page title is displayed-----
2020-01-07 21:37:05,652 [main] INFO Booking - -----Shutting down application Booking.com/ driver-----
2020-01-07 21:37:06,489 [main] INFO Booking - ------Starting Web Driver session - Booking.com UI-----
2020-01-07 21:37:20,963 [main] INFO Booking - ------Starting Web Driver session - Booking.com UI-----
2020-01-07 21:37:21,253 [main] INFO Booking - -----Clicking on Airport Taxis link-----
2020-01-07 21:37:24,546 [main] INFO Booking - -----Airport Taxis Page title is displayed-----
2020-01-07 21:37:24,546 [main] INFO Booking - -----Shutting down application Booking.com/ driver-----
2020-01-08 00:25:20,774 [main] INFO Booking - ------Starting Web Driver session - Booking.com UI-----
2020-01-08 00:25:36,329 [main] INFO Booking - ------Starting Web Driver session - Booking.com UI-----
2020-01-08 00:25:36,528 [main] INFO Booking - -----Clicking on Flights link-----
2020-01-08 00:25:40,303 [main] INFO Booking - -----Flights Page title is displayed-----
2020-01-08 00:25:40,304 [main] INFO Booking - -----Shutting down application Booking.com/ driver-----
2020-01-08 00:25:41,180 [main] INFO Booking - ------Starting Web Driver session - Booking.com UI-----
2020-01-08 00:25:54,062 [main] INFO Booking - ------Starting Web Driver session - Booking.com UI-----
2020-01-08 00:25:54,210 [main] INFO Booking - -----Clicking on Car Rentals link-----
2020-01-08 00:25:56,968 [main] INFO Booking - -----Car Rentals Page title is displayed-----
2020-01-08 00:25:56,969 [main] INFO Booking - -----Shutting down application Booking.com/ driver-----
2020-01-08 00:25:57,794 [main] INFO Booking - ------Starting Web Driver session - Booking.com UI-----
2020-01-08 00:26:11,267 [main] INFO Booking - ------Starting Web Driver session - Booking.com UI-----
2020-01-08 00:26:11,487 [main] INFO Booking - -----Clicking on Airport Taxis link-----
2020-01-08 00:26:13,383 [main] INFO Booking - -----Airport Taxis Page title is displayed-----
2020-01-08 00:26:13,383 [main] INFO Booking - -----Shutting down application Booking.com/ driver-----
2020-01-08 00:26:46,812 [main] INFO Booking - ------Starting Web Driver session - Booking.com UI-----
2020-01-08 00:27:02,118 [main] INFO Booking - ------Starting Web Driver session - Booking.com UI-----
2020-01-08 00:27:02,344 [main] INFO Booking - -----Clicking on Flights link-----
2020-01-08 00:27:05,732 [main] INFO Booking - -----Flights Page title is displayed-----
2020-01-08 00:27:05,742 [main] INFO Booking - -----Shutting down application Booking.com/ driver-----
2020-01-08 00:27:06,873 [main] INFO Booking - ------Starting Web Driver session - Booking.com UI-----
2020-01-08 00:27:20,378 [main] INFO Booking - ------Starting Web Driver session - Booking.com UI-----
2020-01-08 00:27:20,509 [main] INFO Booking - -----Clicking on Flights link-----
2020-01-08 00:27:23,729 [main] INFO Booking - -----Flights Page title is displayed-----
2020-01-08 00:27:23,734 [main] INFO Booking - -----Shutting down application Booking.com/ driver-----
2020-01-08 00:45:26,695 [main] INFO Booking - ------Starting Web Driver session - Booking.com UI-----
2020-01-08 00:45:42,784 [main] INFO Booking - ------Starting Web Driver session - Booking.com UI-----
2020-01-08 00:45:43,028 [main] INFO Booking - -----Clicking on Flights link-----
2020-01-08 00:45:46,239 [main] INFO Booking - -----Flights Page title is displayed-----
2020-01-08 00:45:46,242 [main] INFO Booking - -----Searching flights-----
2020-01-08 00:45:46,243 [main] INFO Booking - -----In Search Results page-----
2020-01-08 00:45:46,245 [main] INFO Booking - -----Shutting down application Booking.com/ driver-----
2020-01-08 00:45:47,106 [main] INFO Booking - ------Starting Web Driver session - Booking.com UI-----
2020-01-08 00:46:00,540 [main] INFO Booking - ------Starting Web Driver session - Booking.com UI-----
2020-01-08 00:46:00,698 [main] INFO Booking - -----Clicking on Flights link-----
2020-01-08 00:46:04,940 [main] INFO Booking - -----Flights Page title is displayed-----
2020-01-08 00:46:04,942 [main] INFO Booking - -----Searching flights-----
2020-01-08 00:46:04,943 [main] INFO Booking - -----In Search Results page-----
2020-01-08 00:46:04,945 [main] INFO Booking - -----Shutting down application Booking.com/ driver-----
